Arguments: 
  C:\Program Files\nodejs\node.exe C:\Program Files (x86)\Yarn\bin\yarn.js init

PATH: 
  C:\Program Files (x86)\Common Files\Oracle\Java\javapath;C:\Windows\system32;C:\Windows;C:\Windows\System32\Wbem;C:\Windows\System32\WindowsPowerShell\v1.0\;C:\Windows\System32\OpenSSH\;C:\Program Files\Git\cmd;C:\Program Files (x86)\Yarn\bin\;C:\Users\coolf\AppData\Roaming\nvm;C:\Program Files\nodejs;;C:\xampp\php;C:\ProgramData\ComposerSetup\bin;C:\ProgramData\chocolatey\bin;C:\Program Files\OpenJDK\openjdk-11.0.11_9\bin;C:\Program Files\nodejs\;C:\Program Files\Docker\Docker\resources\bin;C:\ProgramData\DockerDesktop\version-bin;C:\Program Files\Amazon\AWSCLIV2\;C:\Program Files\PuTTY\;C:\Program Files\MySQL\MySQL Shell 8.0\bin\;C:\Users\coolf\AppData\Local\Programs\Python\Python39\Scripts\;C:\Users\coolf\AppData\Local\Programs\Python\Python39\;C:\Users\coolf\AppData\Local\Microsoft\WindowsApps;C:\Users\coolf\AppData\Local\Yarn\bin;C:\Program Files\heroku\bin;C:\Users\coolf\AppData\Roaming\nvm;C:\Program Files\nodejs;C:\Program Files\MongoDB\Server\4.4\bin;C:\Users\coolf\AppData\Roaming\Composer\vendor\bin;C:\android\Sdk\emulator;C:\android\Sdk\tools;C:\android\Sdk\tools\bin;C:\android\Sdk\platform-tools;C:\Program Files (x86)\Yarn\bin;;C:\Users\coolf\AppData\Local\Programs\Microsoft VS Code\bin;C:\Users\coolf\AppData\Roaming\npm

Yarn version: 
  1.22.5

Node version: 
  16.14.0

Platform: 
  win32 x64

Trace: 
  Error: canceled
      at Interface.<anonymous> (C:\Program Files (x86)\Yarn\lib\cli.js:137009:13)
      at Interface.emit (node:events:520:28)
      at Interface._ttyWrite (node:readline:1081:16)
      at ReadStream.onkeypress (node:readline:288:10)
      at ReadStream.emit (node:events:520:28)
      at emitKeys (node:internal/readline/utils:358:14)
      at emitKeys.next (<anonymous>)
      at ReadStream.onData (node:internal/readline/emitKeypressEvents:61:36)
      at ReadStream.emit (node:events:520:28)
      at addChunk (node:internal/streams/readable:315:12)

npm manifest: 
  No manifest

yarn manifest: 
  No manifest

Lockfile: 
  No lockfile
